[LOG] System::create                           : Header version = 1.10.05. Current version = 1.10.05.
[LOG] SystemI::setOutputInternal               : Setting output to 'FMOD WASAPI Output'
[LOG] Manager::init                            : maxchannels = 1024 studioflags = 00000009 flags 00000000 extradriverdata 0000000000000000.
[LOG] SystemI::init                            : Initialize version=11005 (94661), maxchannels=1024, flags=0x00030000
[LOG] OutputWASAPI::init                       : Mix Format (WAVEFORMATEX): wFormatTag=0xFFFE, nChannels=2, nSamplesPerSec=48000, nAvgBytesPerSec=384000, nBlockAlign=8, wBitsPerSample=32, cbSize=22.
[LOG] OutputWASAPI::init                       : Mix Format (WAVEFORMATEXTENSIBLE): wValidBitsPerSample=32, dwChannelMask=0x00000003, SubFormat=00000003-0000-0010-8000-00AA00389B71.
[LOG] OutputWASAPI::init                       : Output buffer size: 4096 samples, latency: 0.00ms, period: 10.00ms, DSP buffer: 1024 * 4
[LOG] Thread::initThread                       : Init FMOD stream thread. Priority: 2, Stack Size: 65536, Semaphore: No, Sleep Time: 10, Looping: Yes.
[LOG] SystemI::DSPCodecPoolRegister            : register codec pool for pool type 5
[LOG] Thread::initThread                       : Init FMOD mixer thread. Priority: 3, Stack Size: 49152, Semaphore: No, Sleep Time: 0, Looping: Yes.
[LOG] AsyncManager::init                       : manager 000000004DF52348 isAsync 1 updatePeriod 0.02
[LOG] Thread::initThread                       : Init FMOD Studio update thread. Priority: 0, Stack Size: 65536, Semaphore: No, Sleep Time: 1, Looping: No.
[LOG] AsyncManager::init                       : done
[LOG] PlaybackSystem::init                     : 
[LOG] Thread::initThread                       : Init FMOD Studio sample load thread. Priority: 0, Stack Size: 65536, Semaphore: No, Sleep Time: 1, Looping: No.
[LOG] PlaybackSystem::init                     : done
[LOG] LiveUpdate::init                         : 
[LOG] Thread::initThread                       : Init FMOD Studio bank load thread. Priority: 0, Stack Size: 65536, Semaphore: No, Sleep Time: 1, Looping: No.
[LOG] Manager::init                            : done.
[LOG] Profile::init                            : Profiler listening on port: 9264
[LOG] Manager::readBank                        : fileversion = 99, compatVersion = 99 (oldest = 44, newest = 100)
[LOG] Manager::readBank                        : fileversion = 99, compatVersion = 99 (oldest = 44, newest = 100)
[LOG] PlaybackSystem::acquireMasterBus         : Setting master channel group format to 6
[LOG] SystemI::createSound                     : filename = Assets\FMOD\Project\Build\Desktop/Master Bank.bank : mode 02010082
[LOG] SystemI::createSound                     : FMOD_NONBLOCKING specified.  Putting into queue to be opened asynchronously!
[LOG] Thread::initThread                       : Init FMOD nonblocking thread (0). Priority: 1, Stack Size: 81920, Semaphore: Yes, Sleep Time: 0, Looping: Yes.
[LOG] SystemI::createSound                     : setdata soundi = 000000005AE07F68 : node = 000000005ADEC8A0
[LOG] SystemI::createSound                     : add node to async list : head = 0000000021FFC018.  list count = 0
[LOG] AsyncThread::threadFunc                  : Starting Asynchronous operation on sound 000000005AE07F68
[LOG] SystemI::createSoundInternal             :     Create name='Assets\FMOD\Project\Build\Desktop/Master Bank.bank', mode=0x02010082
[LOG] SystemI::createSoundInternal             :     exinfo->cbsize             = 232
[LOG] SystemI::createSoundInternal             :     exinfo->length             = 14399584
[LOG] SystemI::createSoundInternal             :     exinfo->fileoffset         = 57504
[LOG] SystemI::createSoundInternal             :     exinfo->numsubsounds       = 1
[LOG] SystemI::createSoundInternal             :     exinfo->inclusionlist      = 000000005ADEC9B8
[LOG] SystemI::createSoundInternal             :     exinfo->inclusionlistnum   = 1
[LOG] SystemI::createSoundInternal             :     exinfo->suggestedsoundtype = 5
[LOG] SystemI::createSoundInternal             :     exinfo->initialseekpostype = 1
[LOG] SystemI::createSound                     :     filename = Assets\FMOD\Project\Build\Desktop/Master Bank.bank : mode 02010082
[LOG] SystemI::createSound                     :     FMOD_NONBLOCKING specified.  Putting into queue to be opened asynchronously!
[LOG] SystemI::createSound                     :     setdata soundi = 000000005AE08478 : node = 000000005ADECC90
[LOG] SystemI::createSound                     :     add node to async list : head = 0000000021FFC018.  list count = 0
[LOG] SystemI::createSound                     :     filename = Assets\FMOD\Project\Build\Desktop/Master Bank.bank : mode 02010082
[LOG] SystemI::createSound                     :     FMOD_NONBLOCKING specified.  Putting into queue to be opened asynchronously!
[LOG] SystemI::createSound                     :     setdata soundi = 000000005AE08E98 : node = 000000005ADED9B0
[LOG] SystemI::createSound                     :     add node to async list : head = 0000000021FFC018.  list count = 1
[LOG] SystemI::createSound                     :     filename = Assets\FMOD\Project\Build\Desktop/Master Bank.bank : mode 02010082
[LOG] SystemI::createSound                     :     FMOD_NONBLOCKING specified.  Putting into queue to be opened asynchronously!
[LOG] SystemI::createSound                     :     setdata soundi = 000000005AE09048 : node = 000000005ADED320
[LOG] SystemI::createSound                     :     add node to async list : head = 0000000021FFC018.  list count = 2
[LOG] SystemI::createSound                     :     filename = Assets\FMOD\Project\Build\Desktop/Master Bank.bank : mode 02010082
[LOG] SystemI::createSound                     :     FMOD_NONBLOCKING specified.  Putting into queue to be opened asynchronously!
[LOG] SystemI::createSound                     :     setdata soundi = 000000005AE08118 : node = 000000005ADED080
[LOG] SystemI::createSound                     :     add node to async list : head = 0000000021FFC018.  list count = 3
[LOG] SystemI::createSound                     :     filename = Assets\FMOD\Project\Build\Desktop/Master Bank.bank : mode 02010082
[LOG] SystemI::createSound                     :     FMOD_NONBLOCKING specified.  Putting into queue to be opened asynchronously!
[LOG] SystemI::createSound                     :     setdata soundi = 000000005AE091F8 : node = 000000004DEC8E90
[LOG] SystemI::createSound                     :     add node to async list : head = 0000000021FFC018.  list count = 4
[LOG] SystemI::createSoundInternal             :     Create name='', mode=0x02000202
[LOG] SystemI::createSoundInternal             :     exinfo->cbsize             = 232
[LOG] SystemI::createSoundInternal             :     exinfo->length             = 14399584
[LOG] SystemI::createSoundInternal             :     exinfo->fileoffset         = 57504
[LOG] SystemI::createSoundInternal             :     exinfo->numsubsounds       = 1
[LOG] SystemI::createSoundInternal             :     exinfo->inclusionlist      = 000000007BFCF5FC
[LOG] SystemI::createSoundInternal             :     exinfo->inclusionlistnum   = 1
[LOG] SystemI::createSoundInternal             :     exinfo->suggestedsoundtype = 5
[LOG] SystemI::createSoundInternal             :     exinfo->useropen           = 00007FFDB90BE4B0
[LOG] SystemI::createSoundInternal             :     exinfo->userclose          = 00007FFDB90BE480
[LOG] SystemI::createSoundInternal             :     exinfo->userread           = 00007FFDB90BE580
[LOG] SystemI::createSoundInternal             :     exinfo->userseek           = 00007FFDB90BE640
[LOG] SystemI::createSoundInternal             :     exinfo->fileuserdata       = 000000005B27BDB8
[LOG] SystemI::createSoundInternal             :     exinfo->initialseekpostype = 1
[LOG] SystemI::DSPCodecPoolRegister            :     register codec pool for pool type 5
[LOG] SystemI::createSoundInternal             :     Sample 0/1: name='Norse Horn4', format=2, channels=2, frequency=48000, lengthbytes=63584, lengthpcm=278360, pcmblocksize=0, loopstart=0, loopend=0, mode=0x00000000, channelmask=0x00000000, channelorder=0, peakvolume=0.636017.
[LOG] SystemI::createSoundInternal             :     Stream 0/1: name='screaming raccoon crowd', format=2, channels=2, frequency=48000, lengthbytes=1170432, lengthpcm=4177152, pcmblocksize=0, loopstart=0, loopend=0, mode=0x00000000, channelmask=0x00000000, channelorder=0, peakvolume=0.590759.
[LOG] SystemI::createSoundInternal             :     Create name='', mode=0x02000202
[LOG] SystemI::createSoundInternal             :     exinfo->cbsize             = 232
[LOG] SystemI::createSoundInternal             :     exinfo->length             = 14399584
[LOG] SystemI::createSoundInternal             :     exinfo->fileoffset         = 57504
[LOG] SystemI::createSoundInternal             :     exinfo->numsubsounds       = 1
[LOG] SystemI::createSoundInternal             :     exinfo->inclusionlist      = 000000007BFCF5FC
[LOG] SystemI::createSoundInternal             :     exinfo->inclusionlistnum   = 1
[LOG] SystemI::createSoundInternal             :     exinfo->suggestedsoundtype = 5
[LOG] SystemI::createSoundInternal             :     exinfo->useropen           = 00007FFDB90BE4B0
[LOG] SystemI::createSoundInternal             :     exinfo->userclose          = 00007FFDB90BE480
[LOG] SystemI::createSoundInternal             :     exinfo->userread           = 00007FFDB90BE580
[LOG] SystemI::createSoundInternal             :     exinfo->userseek           = 00007FFDB90BE640
[LOG] SystemI::createSoundInternal             :     exinfo->fileuserdata       = 000000005B27BDB8
[LOG] SystemI::createSoundInternal             :     exinfo->initialseekpostype = 1
[LOG] SystemI::DSPCodecPoolRegister            :     register codec pool for pool type 5
[LOG] SystemI::createSoundInternal             :     Sample 0/1: name='Norse Horn', format=2, channels=2, frequency=48000, lengthbytes=100576, lengthpcm=437603, pcmblocksize=0, loopstart=0, loopend=0, mode=0x00000000, channelmask=0x00000000, channelorder=0, peakvolume=0.891357.
[LOG] SystemI::createSoundInternal             :     Create name='', mode=0x02000202
[LOG] SystemI::createSoundInternal             :     exinfo->cbsize             = 232
[LOG] SystemI::createSoundInternal             :     exinfo->length             = 14399584
[LOG] SystemI::createSoundInternal             :     exinfo->fileoffset         = 57504
[LOG] SystemI::createSoundInternal             :     exinfo->numsubsounds       = 1
[LOG] SystemI::createSoundInternal             :     exinfo->inclusionlist      = 000000007BFCF5FC
[LOG] SystemI::createSoundInternal             :     exinfo->inclusionlistnum   = 1
[LOG] SystemI::createSoundInternal             :     exinfo->suggestedsoundtype = 5
[LOG] SystemI::createSoundInternal             :     exinfo->useropen           = 00007FFDB90BE4B0
[LOG] SystemI::createSoundInternal             :     exinfo->userclose          = 00007FFDB90BE480
[LOG] SystemI::createSoundInternal             :     exinfo->userread           = 00007FFDB90BE580
[LOG] SystemI::createSoundInternal             :     exinfo->userseek           = 00007FFDB90BE640
[LOG] SystemI::createSoundInternal             :     exinfo->fileuserdata       = 000000005B27BDB8
[LOG] SystemI::createSoundInternal             :     exinfo->initialseekpostype = 1
[LOG] SystemI::DSPCodecPoolRegister            :     register codec pool for pool type 5
[LOG] SystemI::createSoundInternal             :     Sample 0/1: name='Norse Horn2', format=2, channels=2, frequency=48000, lengthbytes=67328, lengthpcm=353593, pcmblocksize=0, loopstart=0, loopend=0, mode=0x00000000, channelmask=0x00000000, channelorder=0, peakvolume=0.956543.
[LOG] SystemI::createSoundInternal             :     Create name='', mode=0x02000202
[LOG] SystemI::createSoundInternal             :     exinfo->cbsize             = 232
[LOG] SystemI::createSoundInternal             :     exinfo->length             = 14399584
[LOG] SystemI::createSoundInternal             :     exinfo->fileoffset         = 57504
[LOG] SystemI::createSoundInternal             :     exinfo->numsubsounds       = 1
[LOG] SystemI::createSoundInternal             :     exinfo->inclusionlist      = 000000007BFCF5FC
[LOG] SystemI::createSoundInternal             :     exinfo->inclusionlistnum   = 1
[LOG] SystemI::createSoundInternal             :     exinfo->suggestedsoundtype = 5
[LOG] SystemI::createSoundInternal             :     exinfo->useropen           = 00007FFDB90BE4B0
[LOG] SystemI::createSoundInternal             :     exinfo->userclose          = 00007FFDB90BE480
[LOG] SystemI::createSoundInternal             :     exinfo->userread           = 00007FFDB90BE580
[LOG] SystemI::createSoundInternal             :     exinfo->userseek           = 00007FFDB90BE640
[LOG] SystemI::createSoundInternal             :     exinfo->fileuserdata       = 000000005B27BDB8
[LOG] SystemI::createSoundInternal             :     exinfo->initialseekpostype = 1
[LOG] SystemI::DSPCodecPoolRegister            :     register codec pool for pool type 5
[LOG] SystemI::createSoundInternal             :     Sample 0/1: name='Norse Horn3', format=2, channels=2, frequency=48000, lengthbytes=81504, lengthpcm=379924, pcmblocksize=0, loopstart=0, loopend=0, mode=0x00000000, channelmask=0x00000000, channelorder=0, peakvolume=0.635803.
[LOG] Thread::initThread                       :     Init FMOD file thread. Priority: 1, Stack Size: 16384, Semaphore: No, Sleep Time: 10, Looping: Yes.
[LOG] AsyncThread::threadFunc                  : Finished Asynchronous operation on sound 000000005AE07F68
[LOG] AsyncThread::threadFunc                  : Starting Asynchronous operation on sound 000000005AE08478
[LOG] SystemI::createSoundInternal             :     Create name='Assets\FMOD\Project\Build\Desktop/Master Bank.bank', mode=0x02010082
[LOG] SystemI::createSoundInternal             :     exinfo->cbsize             = 232
[LOG] SystemI::createSoundInternal             :     exinfo->length             = 14399584
[LOG] SystemI::createSoundInternal             :     exinfo->fileoffset         = 57504
[LOG] SystemI::createSoundInternal             :     exinfo->numsubsounds       = 1
[LOG] SystemI::createSoundInternal             :     exinfo->inclusionlist      = 000000005ADECDA8
[LOG] SystemI::createSoundInternal             :     exinfo->inclusionlistnum   = 1
[LOG] SystemI::createSoundInternal             :     exinfo->suggestedsoundtype = 5
[LOG] SystemI::createSoundInternal             :     exinfo->initialseekposition = 1500
[LOG] SystemI::createSoundInternal             :     exinfo->initialseekpostype = 1
[LOG] SystemI::createSoundInternal             :     Stream 0/1: name='Sword Fight Sounds', format=2, channels=2, frequency=48000, lengthbytes=3245152, lengthpcm=12094902, pcmblocksize=0, loopstart=0, loopend=0, mode=0x00000000, channelmask=0x00000000, channelorder=0, peakvolume=0.639496.
[LOG] AsyncThread::threadFunc                  : Finished Asynchronous operation on sound 000000005AE08478
[LOG] AsyncThread::threadFunc                  : Starting Asynchronous operation on sound 000000005AE08E98
[LOG] SystemI::createSoundInternal             :     Create name='Assets\FMOD\Project\Build\Desktop/Master Bank.bank', mode=0x02010082
[LOG] SystemI::createSoundInternal             :     exinfo->cbsize             = 232
[LOG] SystemI::createSoundInternal             :     exinfo->length             = 14399584
[LOG] SystemI::createSoundInternal             :     exinfo->fileoffset         = 57504
[LOG] SystemI::createSoundInternal             :     exinfo->numsubsounds       = 1
[LOG] SystemI::createSoundInternal             :     exinfo->inclusionlist      = 000000005ADEDAC8
[LOG] SystemI::createSoundInternal             :     exinfo->inclusionlistnum   = 1
[LOG] SystemI::createSoundInternal             :     exinfo->suggestedsoundtype = 5
[LOG] SystemI::createSoundInternal             :     exinfo->initialseekpostype = 1
[LOG] SystemI::createSoundInternal             :     Stream 0/1: name='screaming raccoon crowd', format=2, channels=2, frequency=48000, lengthbytes=1170432, lengthpcm=4177152, pcmblocksize=0, loopstart=0, loopend=0, mode=0x00000000, channelmask=0x00000000, channelorder=0, peakvolume=0.590759.
[LOG] AsyncThread::threadFunc                  : Finished Asynchronous operation on sound 000000005AE08E98
[LOG] AsyncThread::threadFunc                  : Starting Asynchronous operation on sound 000000005AE09048
[LOG] SystemI::createSoundInternal             :     Create name='Assets\FMOD\Project\Build\Desktop/Master Bank.bank', mode=0x02010082
[LOG] SystemI::createSoundInternal             :     exinfo->cbsize             = 232
[LOG] SystemI::createSoundInternal             :     exinfo->length             = 14399584
[LOG] SystemI::createSoundInternal             :     exinfo->fileoffset         = 57504
[LOG] SystemI::createSoundInternal             :     exinfo->numsubsounds       = 1
[LOG] SystemI::createSoundInternal             :     exinfo->inclusionlist      = 000000005ADED438
[LOG] SystemI::createSoundInternal             :     exinfo->inclusionlistnum   = 1
[LOG] SystemI::createSoundInternal             :     exinfo->suggestedsoundtype = 5
[LOG] SystemI::createSoundInternal             :     exinfo->initialseekpostype = 1
[LOG] SystemI::createSoundInternal             :     Stream 0/1: name='screaming raccoon crowd', format=2, channels=2, frequency=48000, lengthbytes=1170432, lengthpcm=4177152, pcmblocksize=0, loopstart=0, loopend=0, mode=0x00000000, channelmask=0x00000000, channelorder=0, peakvolume=0.590759.
[LOG] AsyncThread::threadFunc                  : Finished Asynchronous operation on sound 000000005AE09048
[LOG] AsyncThread::threadFunc                  : Starting Asynchronous operation on sound 000000005AE08118
[LOG] SystemI::createSoundInternal             :     Create name='Assets\FMOD\Project\Build\Desktop/Master Bank.bank', mode=0x02010082
[LOG] SystemI::createSoundInternal             :     exinfo->cbsize             = 232
[LOG] SystemI::createSoundInternal             :     exinfo->length             = 14399584
[LOG] SystemI::createSoundInternal             :     exinfo->fileoffset         = 57504
[LOG] SystemI::createSoundInternal             :     exinfo->numsubsounds       = 1
[LOG] SystemI::createSoundInternal             :     exinfo->inclusionlist      = 000000005ADED198
[LOG] SystemI::createSoundInternal             :     exinfo->inclusionlistnum   = 1
[LOG] SystemI::createSoundInternal             :     exinfo->suggestedsoundtype = 5
[LOG] SystemI::createSoundInternal             :     exinfo->initialseekpostype = 1
[LOG] SystemI::createSoundInternal             :     Stream 0/1: name='war drum multiple 2', format=2, channels=2, frequency=48000, lengthbytes=1657280, lengthpcm=6073782, pcmblocksize=0, loopstart=0, loopend=0, mode=0x00000000, channelmask=0x00000000, channelorder=0, peakvolume=0.999969.
[LOG] AsyncThread::threadFunc                  : Finished Asynchronous operation on sound 000000005AE08118
[LOG] AsyncThread::threadFunc                  : Starting Asynchronous operation on sound 000000005AE091F8
[LOG] SystemI::createSoundInternal             :     Create name='Assets\FMOD\Project\Build\Desktop/Master Bank.bank', mode=0x02010082
[LOG] SystemI::createSoundInternal             :     exinfo->cbsize             = 232
[LOG] SystemI::createSoundInternal             :     exinfo->length             = 14399584
[LOG] SystemI::createSoundInternal             :     exinfo->fileoffset         = 57504
[LOG] SystemI::createSoundInternal             :     exinfo->numsubsounds       = 1
[LOG] SystemI::createSoundInternal             :     exinfo->inclusionlist      = 000000004DEC8FA8
[LOG] SystemI::createSoundInternal             :     exinfo->inclusionlistnum   = 1
[LOG] SystemI::createSoundInternal             :     exinfo->suggestedsoundtype = 5
[LOG] SystemI::createSoundInternal             :     exinfo->initialseekpostype = 1
[LOG] SystemI::createSoundInternal             :     Stream 0/1: name='war drum solo loop 1', format=2, channels=2, frequency=48000, lengthbytes=215872, lengthpcm=796212, pcmblocksize=0, loopstart=0, loopend=0, mode=0x00000000, channelmask=0x00000000, channelorder=0, peakvolume=0.999451.
[LOG] AsyncThread::threadFunc                  : Finished Asynchronous operation on sound 000000005AE091F8
[LOG] SoundI::getSubSound                      : sound 000000005AE07F68.  Subsound index 0 / 1
[LOG] AsyncThread::threadFunc                  : Starting Asynchronous operation on sound 000000005AE08B38
[LOG] SoundI::getSubSound                      :     sound 000000005AE08E98.  Subsound index 0 / 1
[LOG] SoundI::getSubSound                      :     sound 000000005AE09048.  Subsound index 0 / 1
[LOG] SoundI::getSubSound                      :     sound 000000005AE08478.  Subsound index 0 / 1
[LOG] SoundI::getSubSound                      :     sound 000000005AE08118.  Subsound index 0 / 1
[LOG] SoundI::getSubSound                      :     sound 000000005AE091F8.  Subsound index 0 / 1
[LOG] AsyncThread::threadFunc                  : Finished Asynchronous operation on sound 000000005AE08B38
[LOG] AsyncThread::threadFunc                  : Starting Asynchronous operation on sound 000000005AE087D8
[LOG] AsyncThread::threadFunc                  : Finished Asynchronous operation on sound 000000005AE087D8
[LOG] AsyncThread::threadFunc                  : Starting Asynchronous operation on sound 000000005AE07A58
[LOG] AsyncThread::threadFunc                  : Finished Asynchronous operation on sound 000000005AE07A58
[LOG] AsyncThread::threadFunc                  : Starting Asynchronous operation on sound 000000005AE08628
[LOG] AsyncThread::threadFunc                  : Finished Asynchronous operation on sound 000000005AE08628
[LOG] AsyncThread::threadFunc                  : Starting Asynchronous operation on sound 000000005AE08988
[LOG] AsyncThread::threadFunc                  : Finished Asynchronous operation on sound 000000005AE08988
[LOG] SystemI::createSound                     : filename = Assets\FMOD\Project\Build\Desktop/Master Bank.bank : mode 02010082
[LOG] SystemI::createSound                     : FMOD_NONBLOCKING specified.  Putting into queue to be opened asynchronously!
[LOG] SystemI::createSound                     : setdata soundi = 000000005AE07DB8 : node = 000000005AD14370
[LOG] SystemI::createSound                     : add node to async list : head = 0000000021FFC018.  list count = 0
[LOG] AsyncThread::threadFunc                  : Starting Asynchronous operation on sound 000000005AE07DB8
[LOG] SystemI::createSoundInternal             :     Create name='Assets\FMOD\Project\Build\Desktop/Master Bank.bank', mode=0x02010082
[LOG] SystemI::createSoundInternal             :     exinfo->cbsize             = 232
[LOG] SystemI::createSoundInternal             :     exinfo->length             = 14399584
[LOG] SystemI::createSoundInternal             :     exinfo->fileoffset         = 57504
[LOG] SystemI::createSoundInternal             :     exinfo->numsubsounds       = 1
[LOG] SystemI::createSoundInternal             :     exinfo->inclusionlist      = 000000005AD14488
[LOG] SystemI::createSoundInternal             :     exinfo->inclusionlistnum   = 1
[LOG] SystemI::createSoundInternal             :     exinfo->suggestedsoundtype = 5
[LOG] SystemI::createSoundInternal             :     exinfo->initialseekposition = 50
[LOG] SystemI::createSoundInternal             :     exinfo->initialseekpostype = 1
[LOG] SystemI::createSoundInternal             :     Stream 0/1: name='war drum solo loop 1', format=2, channels=2, frequency=48000, lengthbytes=215872, lengthpcm=796212, pcmblocksize=0, loopstart=0, loopend=0, mode=0x00000000, channelmask=0x00000000, channelorder=0, peakvolume=0.999451.
[LOG] AsyncThread::threadFunc                  : Finished Asynchronous operation on sound 000000005AE07DB8
[LOG] SoundI::getSubSound                      : sound 000000005AE07DB8.  Subsound index 0 / 1
[LOG] SoundI::release                          : war drum solo loop 1 (000000005AE091F8)
[LOG] SoundI::release                          :     war drum solo loop 1 (00000000221EBD18)
[LOG] SoundI::release                          :     war drum solo loop 1 (000000005AE07548)
[LOG] SystemI::createSound                     : filename = Assets\FMOD\Project\Build\Desktop/Master Bank.bank : mode 02010082
[LOG] SystemI::createSound                     : FMOD_NONBLOCKING specified.  Putting into queue to be opened asynchronously!
[LOG] SystemI::createSound                     : setdata soundi = 000000005AE091F8 : node = 000000005AD133B0
[LOG] SystemI::createSound                     : add node to async list : head = 0000000021FFC018.  list count = 0
[LOG] AsyncThread::threadFunc                  : Starting Asynchronous operation on sound 000000005AE091F8
[LOG] SystemI::createSoundInternal             :     Create name='Assets\FMOD\Project\Build\Desktop/Master Bank.bank', mode=0x02010082
[LOG] SystemI::createSoundInternal             :     exinfo->cbsize             = 232
[LOG] SystemI::createSoundInternal             :     exinfo->length             = 14399584
[LOG] SystemI::createSoundInternal             :     exinfo->fileoffset         = 57504
[LOG] SystemI::createSoundInternal             :     exinfo->numsubsounds       = 1
[LOG] SystemI::createSoundInternal             :     exinfo->inclusionlist      = 000000005AD134C8
[LOG] SystemI::createSoundInternal             :     exinfo->inclusionlistnum   = 1
[LOG] SystemI::createSoundInternal             :     exinfo->suggestedsoundtype = 5
[LOG] SystemI::createSoundInternal             :     exinfo->initialseekposition = 50
[LOG] SystemI::createSoundInternal             :     exinfo->initialseekpostype = 1
[LOG] SystemI::createSoundInternal             :     Stream 0/1: name='war drum solo loop 1', format=2, channels=2, frequency=48000, lengthbytes=215872, lengthpcm=796212, pcmblocksize=0, loopstart=0, loopend=0, mode=0x00000000, channelmask=0x00000000, channelorder=0, peakvolume=0.999451.
[LOG] AsyncThread::threadFunc                  : Finished Asynchronous operation on sound 000000005AE091F8
[LOG] SoundI::getSubSound                      : sound 000000005AE091F8.  Subsound index 0 / 1
[LOG] SoundI::release                          : war drum solo loop 1 (000000005AE07DB8)
[LOG] SoundI::release                          :     war drum solo loop 1 (00000000221ED3D8)
[LOG] SoundI::release                          :     war drum solo loop 1 (000000005AE08CE8)
[LOG] SystemI::createSound                     : filename = Assets\FMOD\Project\Build\Desktop/Master Bank.bank : mode 02010082
[LOG] SystemI::createSound                     : FMOD_NONBLOCKING specified.  Putting into queue to be opened asynchronously!
[LOG] SystemI::createSound                     : setdata soundi = 000000005AE08CE8 : node = 000000005AD13F80
[LOG] SystemI::createSound                     : add node to async list : head = 0000000021FFC018.  list count = 0
[LOG] AsyncThread::threadFunc                  : Starting Asynchronous operation on sound 000000005AE08CE8
[LOG] SystemI::createSoundInternal             :     Create name='Assets\FMOD\Project\Build\Desktop/Master Bank.bank', mode=0x02010082
[LOG] SystemI::createSoundInternal             :     exinfo->cbsize             = 232
[LOG] SystemI::createSoundInternal             :     exinfo->length             = 14399584
[LOG] SystemI::createSoundInternal             :     exinfo->fileoffset         = 57504
[LOG] SystemI::createSoundInternal             :     exinfo->numsubsounds       = 1
[LOG] SystemI::createSoundInternal             :     exinfo->inclusionlist      = 000000005AD14098
[LOG] SystemI::createSoundInternal             :     exinfo->inclusionlistnum   = 1
[LOG] SystemI::createSoundInternal             :     exinfo->suggestedsoundtype = 5
[LOG] SystemI::createSoundInternal             :     exinfo->initialseekposition = 50
[LOG] SystemI::createSoundInternal             :     exinfo->initialseekpostype = 1
[LOG] SystemI::createSoundInternal             :     Stream 0/1: name='war drum solo loop 1', format=2, channels=2, frequency=48000, lengthbytes=215872, lengthpcm=796212, pcmblocksize=0, loopstart=0, loopend=0, mode=0x00000000, channelmask=0x00000000, channelorder=0, peakvolume=0.999451.
[LOG] AsyncThread::threadFunc                  : Finished Asynchronous operation on sound 000000005AE08CE8
[LOG] SoundI::getSubSound                      : sound 000000005AE08CE8.  Subsound index 0 / 1
[LOG] SoundI::release                          : war drum solo loop 1 (000000005AE091F8)
[LOG] SoundI::release                          :     war drum solo loop 1 (00000000221EC6D8)
[LOG] SoundI::release                          :     war drum solo loop 1 (000000005AE076F8)
[LOG] SoundI::release                          : war drum multiple 2 (000000005AE08118)
[LOG] SoundI::release                          :     war drum multiple 2 (00000000221EC538)
[LOG] SoundI::release                          :     war drum multiple 2 (000000005AE08988)
[LOG] SoundI::release                          : screaming raccoon crowd (000000005AE08E98)
[LOG] SoundI::release                          :     screaming raccoon crowd (00000000221ED098)
[LOG] SoundI::release                          :     screaming raccoon crowd (000000005AE087D8)
[LOG] SoundI::release                          : screaming raccoon crowd (000000005AE09048)
[LOG] SoundI::release                          :     screaming raccoon crowd (00000000221EC398)
[LOG] SoundI::release                          :     screaming raccoon crowd (000000005AE07A58)
[LOG] SoundI::release                          : screaming raccoon crowd (000000005AE07F68)
[LOG] SoundI::release                          :     screaming raccoon crowd (0000000021FFCBC8)
[LOG] SoundI::release                          :     screaming raccoon crowd (000000005AE08B38)
[LOG] SoundI::release                          : Sword Fight Sounds (000000005AE08478)
[LOG] SoundI::release                          :     Sword Fight Sounds (00000000221ECA18)
[LOG] SoundI::release                          :     Sword Fight Sounds (000000005AE08628)
[LOG] SoundI::release                          : war drum solo loop 1 (000000005AE08CE8)
[LOG] SoundI::release                          :     war drum solo loop 1 (00000000221ED718)
[LOG] SoundI::release                          :     war drum solo loop 1 (000000005AE07DB8)
[LOG] SoundI::release                          :  (00000000126D9158)
[LOG] SoundI::release                          :     Norse Horn (0000000021FFD248)
[LOG] SoundI::release                          :  (00000000126D92C8)
[LOG] SoundI::release                          :     Norse Horn2 (0000000021FFC208)
[LOG] SoundI::release                          :  (0000000035861208)
[LOG] SoundI::release                          :     Norse Horn3 (0000000021FFD3E8)
[LOG] SoundI::release                          :  (00000000126D8FE8)
[LOG] SoundI::release                          :     Norse Horn4 (0000000021FFC068)
[LOG] Thread::callback                         : FMOD Studio update thread finished.
[LOG] Thread::callback                         : FMOD Studio bank load thread finished.
[LOG] Profile::disconnectAll                   : Profiler disconnecting all clients
[LOG] Thread::callback                         : FMOD Studio sample load thread finished.
[LOG] LiveUpdate::release                      : 
[LOG] LiveUpdate::reset                        : Reset connection (reason Disconnected)
[LOG] Thread::callback                         : FMOD stream thread finished.
[LOG] Thread::callback                         : FMOD mixer thread finished.
[LOG] Profile::disconnectAll                   : Profiler disconnecting all clients
[LOG] Thread::callback                         : FMOD nonblocking thread (0) finished.
[LOG] Thread::callback                         : FMOD file thread finished.
[LOG] SystemI::close                           : Closed.
